[2024-08-03 21:14:24,011: INFO: main: Welcome to custom logging]
[2024-08-03 21:14:30,557: INFO: main: Welcome to custom logging]
[2024-08-04 21:16:12,897: INFO: common: yaml file: config\config.yaml loaded successfully]
[2024-08-04 21:16:12,902: INFO: common: yaml file: params.yaml loaded successfully]
[2024-08-04 21:16:55,602: INFO: common: yaml file: config\config.yaml loaded successfully]
[2024-08-04 21:16:55,607: INFO: common: yaml file: params.yaml loaded successfully]
[2024-08-04 21:16:55,609: INFO: common: yaml file: schema.yaml loaded successfully]
[2024-08-04 21:16:55,609: INFO: common: created directory at: artifacts]
[2024-08-04 21:16:55,610: INFO: common: created directory at: artifacts/data_ingestion]
[2024-08-04 21:16:57,425: INFO: 2366278714: artifacts/data_ingestion/data.zip download! with following info: 
Connection: close
Content-Length: 23329
Cache-Control: max-age=300
Content-Security-Policy: default-src 'none'; style-src 'unsafe-inline'; sandbox
Content-Type: application/zip
ETag: "c69888a4ae59bc5a893392785a938ccd4937981c06ba8a9d6a21aa52b4ab5b6e"
Strict-Transport-Security: max-age=31536000
X-Content-Type-Options: nosniff
X-Frame-Options: deny
X-XSS-Protection: 1; mode=block
X-GitHub-Request-Id: 61E7:22AFD1:8584D:B2686:66AFA271
Accept-Ranges: bytes
Date: Sun, 04 Aug 2024 15:47:00 GMT
Via: 1.1 varnish
X-Served-By: cache-del21733-DEL
X-Cache: MISS
X-Cache-Hits: 0
X-Timer: S1722786420.885358,VS0,VE288
Vary: Authorization,Accept-Encoding,Origin
Access-Control-Allow-Origin: *
Cross-Origin-Resource-Policy: cross-origin
X-Fastly-Request-ID: 67690829bfef29e426d70d22ea0116f0118240fa
Expires: Sun, 04 Aug 2024 15:52:00 GMT
Source-Age: 0

]
[2024-08-04 21:30:42,319: INFO: main: >>>>>> stage Data Ingestion stage started <<<<<<]
[2024-08-04 21:30:42,321: INFO: common: yaml file: config\config.yaml loaded successfully]
[2024-08-04 21:30:42,322: INFO: common: yaml file: params.yaml loaded successfully]
[2024-08-04 21:30:42,322: INFO: common: yaml file: schema.yaml loaded successfully]
[2024-08-04 21:30:42,323: INFO: common: created directory at: artifacts]
[2024-08-04 21:30:42,323: INFO: common: created directory at: artifacts/data_ingestion]
[2024-08-04 21:30:44,328: INFO: data_ingestion: artifacts/data_ingestion/data.zip download! with following info: 
Connection: close
Content-Length: 23329
Cache-Control: max-age=300
Content-Security-Policy: default-src 'none'; style-src 'unsafe-inline'; sandbox
Content-Type: application/zip
ETag: "c69888a4ae59bc5a893392785a938ccd4937981c06ba8a9d6a21aa52b4ab5b6e"
Strict-Transport-Security: max-age=31536000
X-Content-Type-Options: nosniff
X-Frame-Options: deny
X-XSS-Protection: 1; mode=block
X-GitHub-Request-Id: 61E7:22AFD1:8584D:B2686:66AFA271
Accept-Ranges: bytes
Date: Sun, 04 Aug 2024 16:00:47 GMT
Via: 1.1 varnish
X-Served-By: cache-del21721-DEL
X-Cache: HIT
X-Cache-Hits: 1
X-Timer: S1722787247.765766,VS0,VE290
Vary: Authorization,Accept-Encoding,Origin
Access-Control-Allow-Origin: *
Cross-Origin-Resource-Policy: cross-origin
X-Fastly-Request-ID: d81bed20c6fc63a80bf9e9c53e19bd3aaf36a69d
Expires: Sun, 04 Aug 2024 16:05:47 GMT
Source-Age: 0

]
[2024-08-04 21:30:44,340: INFO: main: >>>>>> stage Data Ingestion stage completed <<<<<<

x==========x]
[2024-08-04 22:12:56,116: INFO: main: >>>>>> stage Data Ingestion stage started <<<<<<]
[2024-08-04 22:12:56,124: INFO: common: yaml file: config\config.yaml loaded successfully]
[2024-08-04 22:12:56,126: INFO: common: yaml file: params.yaml loaded successfully]
[2024-08-04 22:12:56,126: INFO: common: yaml file: schema.yaml loaded successfully]
[2024-08-04 22:12:56,127: INFO: common: created directory at: artifacts]
[2024-08-04 22:12:56,127: INFO: common: created directory at: artifacts/data_ingestion]
[2024-08-04 22:12:58,130: INFO: data_ingestion: artifacts/data_ingestion/data.zip download! with following info: 
Connection: close
Content-Length: 23329
Cache-Control: max-age=300
Content-Security-Policy: default-src 'none'; style-src 'unsafe-inline'; sandbox
Content-Type: application/zip
ETag: "c69888a4ae59bc5a893392785a938ccd4937981c06ba8a9d6a21aa52b4ab5b6e"
Strict-Transport-Security: max-age=31536000
X-Content-Type-Options: nosniff
X-Frame-Options: deny
X-XSS-Protection: 1; mode=block
X-GitHub-Request-Id: 61E7:22AFD1:8584D:B2686:66AFA271
Accept-Ranges: bytes
Date: Sun, 04 Aug 2024 16:43:00 GMT
Via: 1.1 varnish
X-Served-By: cache-del21735-DEL
X-Cache: HIT
X-Cache-Hits: 0
X-Timer: S1722789781.509361,VS0,VE344
Vary: Authorization,Accept-Encoding,Origin
Access-Control-Allow-Origin: *
Cross-Origin-Resource-Policy: cross-origin
X-Fastly-Request-ID: 0ecc8b809bc9a76cdb77391f19713551fc45efb6
Expires: Sun, 04 Aug 2024 16:48:00 GMT
Source-Age: 0

]
[2024-08-04 22:12:58,145: INFO: main: >>>>>> stage Data Ingestion stage completed <<<<<<

x==========x]
[2024-08-05 00:47:25,848: INFO: common: yaml file: config\config.yaml loaded successfully]
[2024-08-05 00:47:25,851: INFO: common: yaml file: params.yaml loaded successfully]
[2024-08-05 00:47:25,857: INFO: common: yaml file: schema.yaml loaded successfully]
[2024-08-05 00:47:25,859: INFO: common: created directory at: artifacts]
[2024-08-05 00:47:25,859: INFO: common: created directory at: artifacts/data_validation]
[2024-08-05 00:57:27,370: INFO: main: >>>>>> stage Data Ingestion stage started <<<<<<]
[2024-08-05 00:57:27,372: INFO: common: yaml file: config\config.yaml loaded successfully]
[2024-08-05 00:57:27,373: INFO: common: yaml file: params.yaml loaded successfully]
[2024-08-05 00:57:27,374: INFO: common: yaml file: schema.yaml loaded successfully]
[2024-08-05 00:57:27,375: INFO: common: created directory at: artifacts]
[2024-08-05 00:57:27,375: INFO: common: created directory at: artifacts/data_ingestion]
[2024-08-05 00:57:29,179: INFO: data_ingestion: artifacts/data_ingestion/data.zip download! with following info: 
Connection: close
Content-Length: 23329
Cache-Control: max-age=300
Content-Security-Policy: default-src 'none'; style-src 'unsafe-inline'; sandbox
Content-Type: application/zip
ETag: "c69888a4ae59bc5a893392785a938ccd4937981c06ba8a9d6a21aa52b4ab5b6e"
Strict-Transport-Security: max-age=31536000
X-Content-Type-Options: nosniff
X-Frame-Options: deny
X-XSS-Protection: 1; mode=block
X-GitHub-Request-Id: BF8B:17A2D7:185709:2163A2:66AFD623
Accept-Ranges: bytes
Date: Sun, 04 Aug 2024 19:27:32 GMT
Via: 1.1 varnish
X-Served-By: cache-del21734-DEL
X-Cache: MISS
X-Cache-Hits: 0
X-Timer: S1722799652.197432,VS0,VE273
Vary: Authorization,Accept-Encoding,Origin
Access-Control-Allow-Origin: *
Cross-Origin-Resource-Policy: cross-origin
X-Fastly-Request-ID: d65ddcc525f434a2dd83aa2edb37d65c7c67f327
Expires: Sun, 04 Aug 2024 19:32:32 GMT
Source-Age: 0

]
[2024-08-05 00:57:29,192: INFO: main: >>>>>> stage Data Ingestion stage completed <<<<<<

x==========x]
[2024-08-05 00:57:29,192: INFO: main: >>>>>> stage Data Validation stage started <<<<<<]
[2024-08-05 00:57:29,193: INFO: common: yaml file: config\config.yaml loaded successfully]
[2024-08-05 00:57:29,194: INFO: common: yaml file: params.yaml loaded successfully]
[2024-08-05 00:57:29,196: INFO: common: yaml file: schema.yaml loaded successfully]
[2024-08-05 00:57:29,196: INFO: common: created directory at: artifacts]
[2024-08-05 00:57:29,197: INFO: common: created directory at: artifacts/data_validation]
[2024-08-05 00:57:29,212: INFO: main: >>>>>> stage Data Validation stage completed <<<<<<

x==========x]
[2024-08-05 01:08:51,882: INFO: common: yaml file: config\config.yaml loaded successfully]
[2024-08-05 01:08:51,883: INFO: common: yaml file: params.yaml loaded successfully]
[2024-08-05 01:08:51,885: INFO: common: yaml file: schema.yaml loaded successfully]
[2024-08-05 01:08:51,886: INFO: common: created directory at: artifacts]
[2024-08-05 01:08:51,887: INFO: common: created directory at: artifacts/data_transformation]
[2024-08-05 01:08:51,909: INFO: 741865018: Splited data into training and test sets]
[2024-08-05 01:08:51,910: INFO: 741865018: (1199, 12)]
[2024-08-05 01:08:51,910: INFO: 741865018: (400, 12)]
[2024-08-05 01:14:58,975: INFO: main: >>>>>> stage Data Ingestion stage started <<<<<<]
[2024-08-05 01:14:58,977: INFO: common: yaml file: config\config.yaml loaded successfully]
[2024-08-05 01:14:58,977: INFO: common: yaml file: params.yaml loaded successfully]
[2024-08-05 01:14:58,979: INFO: common: yaml file: schema.yaml loaded successfully]
[2024-08-05 01:14:58,980: INFO: common: created directory at: artifacts]
[2024-08-05 01:14:58,980: INFO: common: created directory at: artifacts/data_ingestion]
[2024-08-05 01:15:00,594: INFO: data_ingestion: artifacts/data_ingestion/data.zip download! with following info: 
Connection: close
Content-Length: 23329
Cache-Control: max-age=300
Content-Security-Policy: default-src 'none'; style-src 'unsafe-inline'; sandbox
Content-Type: application/zip
ETag: "c69888a4ae59bc5a893392785a938ccd4937981c06ba8a9d6a21aa52b4ab5b6e"
Strict-Transport-Security: max-age=31536000
X-Content-Type-Options: nosniff
X-Frame-Options: deny
X-XSS-Protection: 1; mode=block
X-GitHub-Request-Id: BF8B:17A2D7:185709:2163A2:66AFD623
Accept-Ranges: bytes
Date: Sun, 04 Aug 2024 19:45:03 GMT
Via: 1.1 varnish
X-Served-By: cache-del21736-DEL
X-Cache: HIT
X-Cache-Hits: 0
X-Timer: S1722800704.532508,VS0,VE282
Vary: Authorization,Accept-Encoding,Origin
Access-Control-Allow-Origin: *
Cross-Origin-Resource-Policy: cross-origin
X-Fastly-Request-ID: 777f895260ee07c46abb63e777e18e3bf1aaca86
Expires: Sun, 04 Aug 2024 19:50:03 GMT
Source-Age: 0

]
[2024-08-05 01:15:00,607: INFO: main: >>>>>> stage Data Ingestion stage completed <<<<<<

x==========x]
[2024-08-05 01:15:00,608: INFO: main: >>>>>> stage Data Validation stage started <<<<<<]
[2024-08-05 01:15:00,610: INFO: common: yaml file: config\config.yaml loaded successfully]
[2024-08-05 01:15:00,610: INFO: common: yaml file: params.yaml loaded successfully]
[2024-08-05 01:15:00,612: INFO: common: yaml file: schema.yaml loaded successfully]
[2024-08-05 01:15:00,612: INFO: common: created directory at: artifacts]
[2024-08-05 01:15:00,612: INFO: common: created directory at: artifacts/data_validation]
[2024-08-05 01:15:00,627: INFO: main: >>>>>> stage Data Validation stage completed <<<<<<

x==========x]
[2024-08-05 01:15:00,627: INFO: main: >>>>>> stage Data Transformation stage started <<<<<<]
[2024-08-05 01:15:00,633: INFO: common: yaml file: config\config.yaml loaded successfully]
[2024-08-05 01:15:00,634: INFO: common: yaml file: params.yaml loaded successfully]
[2024-08-05 01:15:00,636: INFO: common: yaml file: schema.yaml loaded successfully]
[2024-08-05 01:15:00,636: INFO: common: created directory at: artifacts]
[2024-08-05 01:15:00,637: INFO: common: created directory at: artifacts/data_transformation]
[2024-08-05 01:15:00,650: INFO: data_transformation: Splited data into training and test sets]
[2024-08-05 01:15:00,650: INFO: data_transformation: (1199, 12)]
[2024-08-05 01:15:00,651: INFO: data_transformation: (400, 12)]
[2024-08-05 01:15:00,651: INFO: main: >>>>>> stage Data Transformation stage completed <<<<<<

x==========x]
[2024-08-05 01:26:14,137: INFO: common: yaml file: config\config.yaml loaded successfully]
[2024-08-05 01:26:14,139: INFO: common: yaml file: params.yaml loaded successfully]
[2024-08-05 01:26:14,145: INFO: common: yaml file: schema.yaml loaded successfully]
[2024-08-05 01:26:14,147: INFO: common: created directory at: artifacts]
[2024-08-05 01:26:14,147: INFO: common: created directory at: artifacts/model_trainer]
[2024-08-05 01:28:11,294: INFO: main: >>>>>> stage Data Ingestion stage started <<<<<<]
[2024-08-05 01:28:11,296: INFO: common: yaml file: config\config.yaml loaded successfully]
[2024-08-05 01:28:11,296: INFO: common: yaml file: params.yaml loaded successfully]
[2024-08-05 01:28:11,298: INFO: common: yaml file: schema.yaml loaded successfully]
[2024-08-05 01:28:11,298: INFO: common: created directory at: artifacts]
[2024-08-05 01:28:11,299: INFO: common: created directory at: artifacts/data_ingestion]
[2024-08-05 01:28:12,739: INFO: data_ingestion: artifacts/data_ingestion/data.zip download! with following info: 
Connection: close
Content-Length: 23329
Cache-Control: max-age=300
Content-Security-Policy: default-src 'none'; style-src 'unsafe-inline'; sandbox
Content-Type: application/zip
ETag: "c69888a4ae59bc5a893392785a938ccd4937981c06ba8a9d6a21aa52b4ab5b6e"
Strict-Transport-Security: max-age=31536000
X-Content-Type-Options: nosniff
X-Frame-Options: deny
X-XSS-Protection: 1; mode=block
X-GitHub-Request-Id: BF8B:17A2D7:185709:2163A2:66AFD623
Accept-Ranges: bytes
Date: Sun, 04 Aug 2024 19:58:15 GMT
Via: 1.1 varnish
X-Served-By: cache-del21720-DEL
X-Cache: HIT
X-Cache-Hits: 0
X-Timer: S1722801496.694076,VS0,VE288
Vary: Authorization,Accept-Encoding,Origin
Access-Control-Allow-Origin: *
Cross-Origin-Resource-Policy: cross-origin
X-Fastly-Request-ID: 6c7828c3c08abef6f94dfe2b96c2db42b721b0ef
Expires: Sun, 04 Aug 2024 20:03:15 GMT
Source-Age: 0

]
[2024-08-05 01:28:12,752: INFO: main: >>>>>> stage Data Ingestion stage completed <<<<<<

x==========x]
[2024-08-05 01:28:12,753: INFO: main: >>>>>> stage Data Validation stage started <<<<<<]
[2024-08-05 01:28:12,754: INFO: common: yaml file: config\config.yaml loaded successfully]
[2024-08-05 01:28:12,755: INFO: common: yaml file: params.yaml loaded successfully]
[2024-08-05 01:28:12,756: INFO: common: yaml file: schema.yaml loaded successfully]
[2024-08-05 01:28:12,756: INFO: common: created directory at: artifacts]
[2024-08-05 01:28:12,756: INFO: common: created directory at: artifacts/data_validation]
[2024-08-05 01:28:12,777: INFO: main: >>>>>> stage Data Validation stage completed <<<<<<

x==========x]
[2024-08-05 01:28:12,778: INFO: main: >>>>>> stage Data Transformation stage started <<<<<<]
[2024-08-05 01:28:12,787: INFO: common: yaml file: config\config.yaml loaded successfully]
[2024-08-05 01:28:12,788: INFO: common: yaml file: params.yaml loaded successfully]
[2024-08-05 01:28:12,790: INFO: common: yaml file: schema.yaml loaded successfully]
[2024-08-05 01:28:12,791: INFO: common: created directory at: artifacts]
[2024-08-05 01:28:12,792: INFO: common: created directory at: artifacts/data_transformation]
[2024-08-05 01:28:12,816: INFO: data_transformation: Splited data into training and test sets]
[2024-08-05 01:28:12,817: INFO: data_transformation: (1199, 12)]
[2024-08-05 01:28:12,817: INFO: data_transformation: (400, 12)]
[2024-08-05 01:28:12,817: INFO: main: >>>>>> stage Data Transformation stage completed <<<<<<

x==========x]
[2024-08-05 01:28:12,818: INFO: main: >>>>>> stage Model Trainer stage started <<<<<<]
[2024-08-05 01:28:12,819: INFO: common: yaml file: config\config.yaml loaded successfully]
[2024-08-05 01:28:12,820: INFO: common: yaml file: params.yaml loaded successfully]
[2024-08-05 01:28:12,821: INFO: common: yaml file: schema.yaml loaded successfully]
[2024-08-05 01:28:12,821: INFO: common: created directory at: artifacts]
[2024-08-05 01:28:12,822: INFO: common: created directory at: artifacts/model_trainer]
[2024-08-05 01:28:12,855: INFO: main: >>>>>> stage Model Trainer stage completed <<<<<<

x==========x]
[2024-08-05 02:26:21,715: INFO: common: yaml file: config\config.yaml loaded successfully]
[2024-08-05 02:26:21,726: INFO: common: yaml file: params.yaml loaded successfully]
[2024-08-05 02:26:21,734: INFO: common: yaml file: schema.yaml loaded successfully]
[2024-08-05 02:26:21,736: INFO: common: created directory at: artifacts]
[2024-08-05 02:26:21,737: INFO: common: created directory at: artifacts/model_evaluation]
[2024-08-05 02:26:22,426: INFO: common: json file saved at: artifacts\model_evaluation\metrics.json]
[2024-08-05 02:42:38,922: INFO: main: >>>>>> stage Data Ingestion stage started <<<<<<]
[2024-08-05 02:42:38,924: INFO: common: yaml file: config\config.yaml loaded successfully]
[2024-08-05 02:42:38,925: INFO: common: yaml file: params.yaml loaded successfully]
[2024-08-05 02:42:38,927: INFO: common: yaml file: schema.yaml loaded successfully]
[2024-08-05 02:42:38,927: INFO: common: created directory at: artifacts]
[2024-08-05 02:42:38,928: INFO: common: created directory at: artifacts/data_ingestion]
[2024-08-05 02:42:40,350: INFO: data_ingestion: artifacts/data_ingestion/data.zip download! with following info: 
Connection: close
Content-Length: 23329
Cache-Control: max-age=300
Content-Security-Policy: default-src 'none'; style-src 'unsafe-inline'; sandbox
Content-Type: application/zip
ETag: "c69888a4ae59bc5a893392785a938ccd4937981c06ba8a9d6a21aa52b4ab5b6e"
Strict-Transport-Security: max-age=31536000
X-Content-Type-Options: nosniff
X-Frame-Options: deny
X-XSS-Protection: 1; mode=block
X-GitHub-Request-Id: 5BDA:17943A:199305:22F45D:66AFEE5F
Accept-Ranges: bytes
Date: Sun, 04 Aug 2024 21:12:43 GMT
Via: 1.1 varnish
X-Served-By: cache-del21751-DEL
X-Cache: MISS
X-Cache-Hits: 0
X-Timer: S1722805963.224146,VS0,VE261
Vary: Authorization,Accept-Encoding,Origin
Access-Control-Allow-Origin: *
Cross-Origin-Resource-Policy: cross-origin
X-Fastly-Request-ID: 5cf42c519b090452e8654eddb5d2eb82b7c15a53
Expires: Sun, 04 Aug 2024 21:17:43 GMT
Source-Age: 0

]
[2024-08-05 02:42:40,365: INFO: main: >>>>>> stage Data Ingestion stage completed <<<<<<

x==========x]
[2024-08-05 02:42:40,365: INFO: main: >>>>>> stage Data Validation stage started <<<<<<]
[2024-08-05 02:42:40,367: INFO: common: yaml file: config\config.yaml loaded successfully]
[2024-08-05 02:42:40,367: INFO: common: yaml file: params.yaml loaded successfully]
[2024-08-05 02:42:40,369: INFO: common: yaml file: schema.yaml loaded successfully]
[2024-08-05 02:42:40,370: INFO: common: created directory at: artifacts]
[2024-08-05 02:42:40,370: INFO: common: created directory at: artifacts/data_validation]
[2024-08-05 02:42:40,385: INFO: main: >>>>>> stage Data Validation stage completed <<<<<<

x==========x]
[2024-08-05 02:42:40,385: INFO: main: >>>>>> stage Data Transformation stage started <<<<<<]
[2024-08-05 02:42:40,392: INFO: common: yaml file: config\config.yaml loaded successfully]
[2024-08-05 02:42:40,393: INFO: common: yaml file: params.yaml loaded successfully]
[2024-08-05 02:42:40,394: INFO: common: yaml file: schema.yaml loaded successfully]
[2024-08-05 02:42:40,395: INFO: common: created directory at: artifacts]
[2024-08-05 02:42:40,395: INFO: common: created directory at: artifacts/data_transformation]
[2024-08-05 02:42:40,413: INFO: data_transformation: Splited data into training and test sets]
[2024-08-05 02:42:40,414: INFO: data_transformation: (1199, 12)]
[2024-08-05 02:42:40,414: INFO: data_transformation: (400, 12)]
[2024-08-05 02:42:40,414: INFO: main: >>>>>> stage Data Transformation stage completed <<<<<<

x==========x]
[2024-08-05 02:42:40,414: INFO: main: >>>>>> stage Model Trainer stage started <<<<<<]
[2024-08-05 02:42:40,416: INFO: common: yaml file: config\config.yaml loaded successfully]
[2024-08-05 02:42:40,417: INFO: common: yaml file: params.yaml loaded successfully]
[2024-08-05 02:42:40,418: INFO: common: yaml file: schema.yaml loaded successfully]
[2024-08-05 02:42:40,418: INFO: common: created directory at: artifacts]
[2024-08-05 02:42:40,419: INFO: common: created directory at: artifacts/model_trainer]
[2024-08-05 02:42:40,444: INFO: main: >>>>>> stage Model Trainer stage completed <<<<<<

x==========x]
[2024-08-05 02:42:40,444: INFO: main: >>>>>> stage Model evaluation stage started <<<<<<]
[2024-08-05 02:42:40,446: INFO: common: yaml file: config\config.yaml loaded successfully]
[2024-08-05 02:42:40,447: INFO: common: yaml file: params.yaml loaded successfully]
[2024-08-05 02:42:40,448: INFO: common: yaml file: schema.yaml loaded successfully]
[2024-08-05 02:42:40,449: INFO: common: created directory at: artifacts]
[2024-08-05 02:42:40,449: INFO: common: created directory at: artifacts/model_evaluation]
[2024-08-05 02:42:41,259: INFO: common: json file saved at: artifacts\model_evaluation\metrics.json]
[2024-08-05 02:42:44,910: INFO: main: >>>>>> stage Model evaluation stage completed <<<<<<

x==========x]
[2024-08-05 02:48:55,012: INFO: helpers: Accessing as randomvariable]
[2024-08-05 02:48:56,129: INFO: helpers: Initialized MLflow to track repo "randomvariable/Quality-Prediction-MLOPs-Project"]
[2024-08-05 02:48:56,130: INFO: helpers: Repository randomvariable/Quality-Prediction-MLOPs-Project initialized!]
[2024-08-05 02:49:01,482: INFO: main: >>>>>> stage Data Ingestion stage started <<<<<<]
[2024-08-05 02:49:01,484: INFO: common: yaml file: config\config.yaml loaded successfully]
[2024-08-05 02:49:01,485: INFO: common: yaml file: params.yaml loaded successfully]
[2024-08-05 02:49:01,486: INFO: common: yaml file: schema.yaml loaded successfully]
[2024-08-05 02:49:01,487: INFO: common: created directory at: artifacts]
[2024-08-05 02:49:01,487: INFO: common: created directory at: artifacts/data_ingestion]
[2024-08-05 02:49:03,154: INFO: data_ingestion: artifacts/data_ingestion/data.zip download! with following info: 
Connection: close
Content-Length: 23329
Cache-Control: max-age=300
Content-Security-Policy: default-src 'none'; style-src 'unsafe-inline'; sandbox
Content-Type: application/zip
ETag: "c69888a4ae59bc5a893392785a938ccd4937981c06ba8a9d6a21aa52b4ab5b6e"
Strict-Transport-Security: max-age=31536000
X-Content-Type-Options: nosniff
X-Frame-Options: deny
X-XSS-Protection: 1; mode=block
X-GitHub-Request-Id: 5BDA:17943A:199305:22F45D:66AFEE5F
Accept-Ranges: bytes
Date: Sun, 04 Aug 2024 21:19:06 GMT
Via: 1.1 varnish
X-Served-By: cache-del21735-DEL
X-Cache: HIT
X-Cache-Hits: 0
X-Timer: S1722806346.984215,VS0,VE258
Vary: Authorization,Accept-Encoding,Origin
Access-Control-Allow-Origin: *
Cross-Origin-Resource-Policy: cross-origin
X-Fastly-Request-ID: 01bf08db5bfaeece9b0911dcc0bd2fd2e453ca78
Expires: Sun, 04 Aug 2024 21:24:06 GMT
Source-Age: 0

]
[2024-08-05 02:49:03,167: INFO: main: >>>>>> stage Data Ingestion stage completed <<<<<<

x==========x]
[2024-08-05 02:49:03,167: INFO: main: >>>>>> stage Data Validation stage started <<<<<<]
[2024-08-05 02:49:03,169: INFO: common: yaml file: config\config.yaml loaded successfully]
[2024-08-05 02:49:03,170: INFO: common: yaml file: params.yaml loaded successfully]
[2024-08-05 02:49:03,171: INFO: common: yaml file: schema.yaml loaded successfully]
[2024-08-05 02:49:03,171: INFO: common: created directory at: artifacts]
[2024-08-05 02:49:03,172: INFO: common: created directory at: artifacts/data_validation]
[2024-08-05 02:49:03,187: INFO: main: >>>>>> stage Data Validation stage completed <<<<<<

x==========x]
[2024-08-05 02:49:03,187: INFO: main: >>>>>> stage Data Transformation stage started <<<<<<]
[2024-08-05 02:49:03,190: INFO: common: yaml file: config\config.yaml loaded successfully]
[2024-08-05 02:49:03,191: INFO: common: yaml file: params.yaml loaded successfully]
[2024-08-05 02:49:03,192: INFO: common: yaml file: schema.yaml loaded successfully]
[2024-08-05 02:49:03,192: INFO: common: created directory at: artifacts]
[2024-08-05 02:49:03,194: INFO: common: created directory at: artifacts/data_transformation]
[2024-08-05 02:49:03,209: INFO: data_transformation: Splited data into training and test sets]
[2024-08-05 02:49:03,209: INFO: data_transformation: (1199, 12)]
[2024-08-05 02:49:03,209: INFO: data_transformation: (400, 12)]
[2024-08-05 02:49:03,210: INFO: main: >>>>>> stage Data Transformation stage completed <<<<<<

x==========x]
[2024-08-05 02:49:03,210: INFO: main: >>>>>> stage Model Trainer stage started <<<<<<]
[2024-08-05 02:49:03,212: INFO: common: yaml file: config\config.yaml loaded successfully]
[2024-08-05 02:49:03,213: INFO: common: yaml file: params.yaml loaded successfully]
[2024-08-05 02:49:03,214: INFO: common: yaml file: schema.yaml loaded successfully]
[2024-08-05 02:49:03,214: INFO: common: created directory at: artifacts]
[2024-08-05 02:49:03,215: INFO: common: created directory at: artifacts/model_trainer]
[2024-08-05 02:49:03,240: INFO: main: >>>>>> stage Model Trainer stage completed <<<<<<

x==========x]
[2024-08-05 02:49:03,241: INFO: main: >>>>>> stage Model evaluation stage started <<<<<<]
[2024-08-05 02:49:03,243: INFO: common: yaml file: config\config.yaml loaded successfully]
[2024-08-05 02:49:03,243: INFO: common: yaml file: params.yaml loaded successfully]
[2024-08-05 02:49:03,244: INFO: common: yaml file: schema.yaml loaded successfully]
[2024-08-05 02:49:03,246: INFO: common: created directory at: artifacts]
[2024-08-05 02:49:03,246: INFO: common: created directory at: artifacts/model_evaluation]
[2024-08-05 02:49:03,834: INFO: common: json file saved at: artifacts\model_evaluation\metrics.json]
[2024-08-05 02:49:17,839: INFO: main: >>>>>> stage Model evaluation stage completed <<<<<<

x==========x]
[2024-08-05 02:53:00,068: INFO: helpers: Accessing as randomvariable]
[2024-08-05 02:53:01,249: INFO: helpers: Initialized MLflow to track repo "randomvariable/Quality-Prediction-MLOPs-Project"]
[2024-08-05 02:53:01,250: INFO: helpers: Repository randomvariable/Quality-Prediction-MLOPs-Project initialized!]
[2024-08-05 02:53:06,518: INFO: main: >>>>>> stage Data Ingestion stage started <<<<<<]
[2024-08-05 02:53:06,520: INFO: common: yaml file: config\config.yaml loaded successfully]
[2024-08-05 02:53:06,526: INFO: common: yaml file: params.yaml loaded successfully]
[2024-08-05 02:53:06,528: INFO: common: yaml file: schema.yaml loaded successfully]
[2024-08-05 02:53:06,529: INFO: common: created directory at: artifacts]
[2024-08-05 02:53:06,529: INFO: common: created directory at: artifacts/data_ingestion]
[2024-08-05 02:53:07,824: INFO: data_ingestion: artifacts/data_ingestion/data.zip download! with following info: 
Connection: close
Content-Length: 23329
Cache-Control: max-age=300
Content-Security-Policy: default-src 'none'; style-src 'unsafe-inline'; sandbox
Content-Type: application/zip
ETag: "c69888a4ae59bc5a893392785a938ccd4937981c06ba8a9d6a21aa52b4ab5b6e"
Strict-Transport-Security: max-age=31536000
X-Content-Type-Options: nosniff
X-Frame-Options: deny
X-XSS-Protection: 1; mode=block
X-GitHub-Request-Id: 5BDA:17943A:199305:22F45D:66AFEE5F
Accept-Ranges: bytes
Date: Sun, 04 Aug 2024 21:23:10 GMT
Via: 1.1 varnish
X-Served-By: cache-del21724-DEL
X-Cache: HIT
X-Cache-Hits: 0
X-Timer: S1722806591.925453,VS0,VE1
Vary: Authorization,Accept-Encoding,Origin
Access-Control-Allow-Origin: *
Cross-Origin-Resource-Policy: cross-origin
X-Fastly-Request-ID: e615768c47a280ba1c19aedcf0ef3956d11dcbd9
Expires: Sun, 04 Aug 2024 21:28:10 GMT
Source-Age: 245

]
[2024-08-05 02:53:07,836: INFO: main: >>>>>> stage Data Ingestion stage completed <<<<<<

x==========x]
[2024-08-05 02:53:07,836: INFO: main: >>>>>> stage Data Validation stage started <<<<<<]
[2024-08-05 02:53:07,838: INFO: common: yaml file: config\config.yaml loaded successfully]
[2024-08-05 02:53:07,839: INFO: common: yaml file: params.yaml loaded successfully]
[2024-08-05 02:53:07,840: INFO: common: yaml file: schema.yaml loaded successfully]
[2024-08-05 02:53:07,840: INFO: common: created directory at: artifacts]
[2024-08-05 02:53:07,840: INFO: common: created directory at: artifacts/data_validation]
[2024-08-05 02:53:07,856: INFO: main: >>>>>> stage Data Validation stage completed <<<<<<

x==========x]
[2024-08-05 02:53:07,857: INFO: main: >>>>>> stage Data Transformation stage started <<<<<<]
[2024-08-05 02:53:07,864: INFO: common: yaml file: config\config.yaml loaded successfully]
[2024-08-05 02:53:07,865: INFO: common: yaml file: params.yaml loaded successfully]
[2024-08-05 02:53:07,866: INFO: common: yaml file: schema.yaml loaded successfully]
[2024-08-05 02:53:07,866: INFO: common: created directory at: artifacts]
[2024-08-05 02:53:07,866: INFO: common: created directory at: artifacts/data_transformation]
[2024-08-05 02:53:07,883: INFO: data_transformation: Splited data into training and test sets]
[2024-08-05 02:53:07,884: INFO: data_transformation: (1199, 12)]
[2024-08-05 02:53:07,884: INFO: data_transformation: (400, 12)]
[2024-08-05 02:53:07,884: INFO: main: >>>>>> stage Data Transformation stage completed <<<<<<

x==========x]
[2024-08-05 02:53:07,884: INFO: main: >>>>>> stage Model Trainer stage started <<<<<<]
[2024-08-05 02:53:07,887: INFO: common: yaml file: config\config.yaml loaded successfully]
[2024-08-05 02:53:07,888: INFO: common: yaml file: params.yaml loaded successfully]
[2024-08-05 02:53:07,890: INFO: common: yaml file: schema.yaml loaded successfully]
[2024-08-05 02:53:07,890: INFO: common: created directory at: artifacts]
[2024-08-05 02:53:07,891: INFO: common: created directory at: artifacts/model_trainer]
[2024-08-05 02:53:07,927: INFO: main: >>>>>> stage Model Trainer stage completed <<<<<<

x==========x]
[2024-08-05 02:53:07,927: INFO: main: >>>>>> stage Model evaluation stage started <<<<<<]
[2024-08-05 02:53:07,930: INFO: common: yaml file: config\config.yaml loaded successfully]
[2024-08-05 02:53:07,930: INFO: common: yaml file: params.yaml loaded successfully]
[2024-08-05 02:53:07,931: INFO: common: yaml file: schema.yaml loaded successfully]
[2024-08-05 02:53:07,933: INFO: common: created directory at: artifacts]
[2024-08-05 02:53:07,933: INFO: common: created directory at: artifacts/model_evaluation]
[2024-08-05 02:53:08,537: INFO: common: json file saved at: artifacts\model_evaluation\metrics.json]
[2024-08-05 02:53:22,086: INFO: main: >>>>>> stage Model evaluation stage completed <<<<<<

x==========x]
[2024-08-05 03:14:51,872: INFO: _internal: [31m[1mWARNING: This is a development server. Do not use it in a production deployment. Use a production WSGI server instead.[0m
 * Running on all addresses (0.0.0.0)
 * Running on http://127.0.0.1:8080
 * Running on http://192.168.90.201:8080]
[2024-08-05 03:14:51,873: INFO: _internal: [33mPress CTRL+C to quit[0m]
[2024-08-05 03:15:05,017: INFO: _internal: 127.0.0.1 - - [05/Aug/2024 03:15:05] "GET / HTTP/1.1" 200 -]
[2024-08-05 03:15:05,164: INFO: _internal: 127.0.0.1 - - [05/Aug/2024 03:15:05] "GET /static/css2/nunito-font.css HTTP/1.1" 200 -]
[2024-08-05 03:15:05,175: INFO: _internal: 127.0.0.1 - - [05/Aug/2024 03:15:05] "GET /static/css2/style.css HTTP/1.1" 200 -]
[2024-08-05 03:15:05,175: INFO: _internal: 127.0.0.1 - - [05/Aug/2024 03:15:05] "GET /static/css/styles.css HTTP/1.1" 200 -]
[2024-08-05 03:15:05,193: INFO: _internal: 127.0.0.1 - - [05/Aug/2024 03:15:05] "GET /static/js/scripts.js HTTP/1.1" 200 -]
[2024-08-05 03:15:06,645: INFO: _internal: 127.0.0.1 - - [05/Aug/2024 03:15:06] "[33mGET /static/assets/img/wine.jpg HTTP/1.1[0m" 404 -]
[2024-08-05 03:15:06,646: INFO: _internal: 127.0.0.1 - - [05/Aug/2024 03:15:06] "GET /static/assets/img/form-v9.jpg HTTP/1.1" 200 -]
[2024-08-05 03:15:06,673: INFO: _internal: 127.0.0.1 - - [05/Aug/2024 03:15:06] "[33mGET /static/fonts/Nunito/Nunito-Bold.ttf HTTP/1.1[0m" 404 -]
[2024-08-05 03:15:07,557: INFO: _internal: 127.0.0.1 - - [05/Aug/2024 03:15:07] "GET /static/assets/favicon.ico HTTP/1.1" 200 -]
[2024-08-05 03:18:30,911: INFO: _internal: 127.0.0.1 - - [05/Aug/2024 03:18:30] "GET / HTTP/1.1" 200 -]
[2024-08-05 03:18:30,951: INFO: _internal: 127.0.0.1 - - [05/Aug/2024 03:18:30] "[36mGET /static/css/styles.css HTTP/1.1[0m" 304 -]
[2024-08-05 03:18:30,952: INFO: _internal: 127.0.0.1 - - [05/Aug/2024 03:18:30] "[36mGET /static/css2/nunito-font.css HTTP/1.1[0m" 304 -]
[2024-08-05 03:18:30,952: INFO: _internal: 127.0.0.1 - - [05/Aug/2024 03:18:30] "[36mGET /static/css2/style.css HTTP/1.1[0m" 304 -]
[2024-08-05 03:18:30,952: INFO: _internal: 127.0.0.1 - - [05/Aug/2024 03:18:30] "[36mGET /static/js/scripts.js HTTP/1.1[0m" 304 -]
[2024-08-05 03:18:30,988: INFO: _internal: 127.0.0.1 - - [05/Aug/2024 03:18:30] "[33mGET /static/assets/img/wine.jpg HTTP/1.1[0m" 404 -]
[2024-08-05 03:18:30,990: INFO: _internal: 127.0.0.1 - - [05/Aug/2024 03:18:30] "[36mGET /static/assets/img/form-v9.jpg HTTP/1.1[0m" 304 -]
[2024-08-05 03:18:31,025: INFO: _internal: 127.0.0.1 - - [05/Aug/2024 03:18:31] "[33mGET /static/fonts/Nunito/Nunito-Bold.ttf HTTP/1.1[0m" 404 -]
[2024-08-05 03:18:31,034: INFO: _internal: 127.0.0.1 - - [05/Aug/2024 03:18:31] "[36mGET /static/assets/favicon.ico HTTP/1.1[0m" 304 -]
[2024-08-05 03:18:47,111: INFO: _internal: [31m[1mWARNING: This is a development server. Do not use it in a production deployment. Use a production WSGI server instead.[0m
 * Running on all addresses (0.0.0.0)
 * Running on http://127.0.0.1:8080
 * Running on http://192.168.90.201:8080]
[2024-08-05 03:18:47,112: INFO: _internal: [33mPress CTRL+C to quit[0m]
[2024-08-05 03:18:50,161: INFO: _internal: 127.0.0.1 - - [05/Aug/2024 03:18:50] "GET / HTTP/1.1" 200 -]
[2024-08-05 03:18:50,309: INFO: _internal: 127.0.0.1 - - [05/Aug/2024 03:18:50] "[36mGET /static/css/styles.css HTTP/1.1[0m" 304 -]
[2024-08-05 03:18:50,309: INFO: _internal: 127.0.0.1 - - [05/Aug/2024 03:18:50] "[36mGET /static/css2/style.css HTTP/1.1[0m" 304 -]
[2024-08-05 03:18:50,317: INFO: _internal: 127.0.0.1 - - [05/Aug/2024 03:18:50] "[36mGET /static/js/scripts.js HTTP/1.1[0m" 304 -]
[2024-08-05 03:18:50,318: INFO: _internal: 127.0.0.1 - - [05/Aug/2024 03:18:50] "[36mGET /static/css2/nunito-font.css HTTP/1.1[0m" 304 -]
[2024-08-05 03:18:50,327: INFO: _internal: 127.0.0.1 - - [05/Aug/2024 03:18:50] "[33mGET /static/assets/img/wine.jpg HTTP/1.1[0m" 404 -]
[2024-08-05 03:18:50,339: INFO: _internal: 127.0.0.1 - - [05/Aug/2024 03:18:50] "[36mGET /static/assets/img/form-v9.jpg HTTP/1.1[0m" 304 -]
[2024-08-05 03:18:50,346: INFO: _internal: 127.0.0.1 - - [05/Aug/2024 03:18:50] "[33mGET /static/fonts/Nunito/Nunito-Bold.ttf HTTP/1.1[0m" 404 -]
[2024-08-05 03:19:11,866: INFO: helpers: Accessing as randomvariable]
[2024-08-05 03:19:12,993: INFO: helpers: Initialized MLflow to track repo "randomvariable/Quality-Prediction-MLOPs-Project"]
[2024-08-05 03:19:12,994: INFO: helpers: Repository randomvariable/Quality-Prediction-MLOPs-Project initialized!]
[2024-08-05 03:19:18,329: INFO: main: >>>>>> stage Data Ingestion stage started <<<<<<]
[2024-08-05 03:19:18,331: INFO: common: yaml file: config\config.yaml loaded successfully]
[2024-08-05 03:19:18,338: INFO: common: yaml file: params.yaml loaded successfully]
[2024-08-05 03:19:18,339: INFO: common: yaml file: schema.yaml loaded successfully]
[2024-08-05 03:19:18,340: INFO: common: created directory at: artifacts]
[2024-08-05 03:19:18,340: INFO: common: created directory at: artifacts/data_ingestion]
[2024-08-05 03:19:19,699: INFO: data_ingestion: artifacts/data_ingestion/data.zip download! with following info: 
Connection: close
Content-Length: 23329
Cache-Control: max-age=300
Content-Security-Policy: default-src 'none'; style-src 'unsafe-inline'; sandbox
Content-Type: application/zip
ETag: "c69888a4ae59bc5a893392785a938ccd4937981c06ba8a9d6a21aa52b4ab5b6e"
Strict-Transport-Security: max-age=31536000
X-Content-Type-Options: nosniff
X-Frame-Options: deny
X-XSS-Protection: 1; mode=block
X-GitHub-Request-Id: 5BDA:17943A:199305:22F45D:66AFEE5F
Accept-Ranges: bytes
Date: Sun, 04 Aug 2024 21:49:22 GMT
Via: 1.1 varnish
X-Served-By: cache-del21749-DEL
X-Cache: HIT
X-Cache-Hits: 0
X-Timer: S1722808163.538335,VS0,VE259
Vary: Authorization,Accept-Encoding,Origin
Access-Control-Allow-Origin: *
Cross-Origin-Resource-Policy: cross-origin
X-Fastly-Request-ID: 87cbd78059600efba5d8343df2cfbfbdc496fc17
Expires: Sun, 04 Aug 2024 21:54:22 GMT
Source-Age: 0

]
[2024-08-05 03:19:19,716: INFO: main: >>>>>> stage Data Ingestion stage completed <<<<<<

x==========x]
[2024-08-05 03:19:19,716: INFO: main: >>>>>> stage Data Validation stage started <<<<<<]
[2024-08-05 03:19:19,717: INFO: common: yaml file: config\config.yaml loaded successfully]
[2024-08-05 03:19:19,717: INFO: common: yaml file: params.yaml loaded successfully]
[2024-08-05 03:19:19,719: INFO: common: yaml file: schema.yaml loaded successfully]
[2024-08-05 03:19:19,719: INFO: common: created directory at: artifacts]
[2024-08-05 03:19:19,720: INFO: common: created directory at: artifacts/data_validation]
[2024-08-05 03:19:19,737: INFO: main: >>>>>> stage Data Validation stage completed <<<<<<

x==========x]
[2024-08-05 03:19:19,737: INFO: main: >>>>>> stage Data Transformation stage started <<<<<<]
[2024-08-05 03:19:19,740: INFO: common: yaml file: config\config.yaml loaded successfully]
[2024-08-05 03:19:19,741: INFO: common: yaml file: params.yaml loaded successfully]
[2024-08-05 03:19:19,742: INFO: common: yaml file: schema.yaml loaded successfully]
[2024-08-05 03:19:19,742: INFO: common: created directory at: artifacts]
[2024-08-05 03:19:19,743: INFO: common: created directory at: artifacts/data_transformation]
[2024-08-05 03:19:19,763: INFO: data_transformation: Splited data into training and test sets]
[2024-08-05 03:19:19,763: INFO: data_transformation: (1199, 12)]
[2024-08-05 03:19:19,764: INFO: data_transformation: (400, 12)]
[2024-08-05 03:19:19,764: INFO: main: >>>>>> stage Data Transformation stage completed <<<<<<

x==========x]
[2024-08-05 03:19:19,764: INFO: main: >>>>>> stage Model Trainer stage started <<<<<<]
[2024-08-05 03:19:19,766: INFO: common: yaml file: config\config.yaml loaded successfully]
[2024-08-05 03:19:19,767: INFO: common: yaml file: params.yaml loaded successfully]
[2024-08-05 03:19:19,769: INFO: common: yaml file: schema.yaml loaded successfully]
[2024-08-05 03:19:19,770: INFO: common: created directory at: artifacts]
[2024-08-05 03:19:19,770: INFO: common: created directory at: artifacts/model_trainer]
[2024-08-05 03:19:19,799: INFO: main: >>>>>> stage Model Trainer stage completed <<<<<<

x==========x]
[2024-08-05 03:19:19,799: INFO: main: >>>>>> stage Model evaluation stage started <<<<<<]
[2024-08-05 03:19:19,800: INFO: common: yaml file: config\config.yaml loaded successfully]
[2024-08-05 03:19:19,801: INFO: common: yaml file: params.yaml loaded successfully]
[2024-08-05 03:19:19,803: INFO: common: yaml file: schema.yaml loaded successfully]
[2024-08-05 03:19:19,803: INFO: common: created directory at: artifacts]
[2024-08-05 03:19:19,804: INFO: common: created directory at: artifacts/model_evaluation]
[2024-08-05 03:19:20,336: INFO: common: json file saved at: artifacts\model_evaluation\metrics.json]
[2024-08-05 03:19:33,967: INFO: main: >>>>>> stage Model evaluation stage completed <<<<<<

x==========x]
[2024-08-05 03:19:34,368: INFO: _internal: 127.0.0.1 - - [05/Aug/2024 03:19:34] "GET /train HTTP/1.1" 200 -]
[2024-08-05 03:19:34,477: INFO: _internal: 127.0.0.1 - - [05/Aug/2024 03:19:34] "[33mGET /favicon.ico HTTP/1.1[0m" 404 -]
[2024-08-05 03:22:22,784: INFO: _internal: 127.0.0.1 - - [05/Aug/2024 03:22:22] "POST /predict HTTP/1.1" 200 -]
[2024-08-05 03:22:22,824: INFO: _internal: 127.0.0.1 - - [05/Aug/2024 03:22:22] "[36mGET /static/css/styles.css HTTP/1.1[0m" 304 -]
[2024-08-05 03:22:22,825: INFO: _internal: 127.0.0.1 - - [05/Aug/2024 03:22:22] "[36mGET /static/js/scripts.js HTTP/1.1[0m" 304 -]
[2024-08-05 03:22:22,831: INFO: _internal: 127.0.0.1 - - [05/Aug/2024 03:22:22] "[33mGET /static/assets/img/wine.gif HTTP/1.1[0m" 404 -]
[2024-08-22 17:42:05,647: INFO: helpers: Accessing as randomvariable]
[2024-08-22 17:42:06,688: INFO: helpers: Initialized MLflow to track repo "randomvariable/Quality-Prediction-MLOPs-Project"]
[2024-08-22 17:42:06,689: INFO: helpers: Repository randomvariable/Quality-Prediction-MLOPs-Project initialized!]
[2024-08-22 17:42:14,972: INFO: main: >>>>>> stage Data Ingestion stage started <<<<<<]
[2024-08-22 17:42:14,974: INFO: common: yaml file: config\config.yaml loaded successfully]
[2024-08-22 17:42:14,975: INFO: common: yaml file: params.yaml loaded successfully]
[2024-08-22 17:42:14,976: INFO: common: yaml file: schema.yaml loaded successfully]
[2024-08-22 17:42:14,977: INFO: common: created directory at: artifacts]
[2024-08-22 17:42:14,977: INFO: common: created directory at: artifacts/data_ingestion]
[2024-08-22 17:42:14,977: INFO: data_ingestion: File already exists of size: ~ 23 KB]
[2024-08-22 17:42:14,986: INFO: main: >>>>>> stage Data Ingestion stage completed <<<<<<

x==========x]
[2024-08-22 17:42:14,986: INFO: main: >>>>>> stage Data Validation stage started <<<<<<]
[2024-08-22 17:42:14,989: INFO: common: yaml file: config\config.yaml loaded successfully]
[2024-08-22 17:42:14,989: INFO: common: yaml file: params.yaml loaded successfully]
[2024-08-22 17:42:14,990: INFO: common: yaml file: schema.yaml loaded successfully]
[2024-08-22 17:42:14,991: INFO: common: created directory at: artifacts]
[2024-08-22 17:42:14,991: INFO: common: created directory at: artifacts/data_validation]
[2024-08-22 17:42:15,020: INFO: main: >>>>>> stage Data Validation stage completed <<<<<<

x==========x]
[2024-08-22 17:42:15,021: INFO: main: >>>>>> stage Data Transformation stage started <<<<<<]
[2024-08-22 17:42:15,028: INFO: common: yaml file: config\config.yaml loaded successfully]
[2024-08-22 17:42:15,028: INFO: common: yaml file: params.yaml loaded successfully]
[2024-08-22 17:42:15,030: INFO: common: yaml file: schema.yaml loaded successfully]
[2024-08-22 17:42:15,031: INFO: common: created directory at: artifacts]
[2024-08-22 17:42:15,031: INFO: common: created directory at: artifacts/data_transformation]
[2024-08-22 17:42:15,051: INFO: data_transformation: Splited data into training and test sets]
[2024-08-22 17:42:15,051: INFO: data_transformation: (1199, 12)]
[2024-08-22 17:42:15,051: INFO: data_transformation: (400, 12)]
[2024-08-22 17:42:15,052: INFO: main: >>>>>> stage Data Transformation stage completed <<<<<<

x==========x]
[2024-08-22 17:42:15,052: INFO: main: >>>>>> stage Model Trainer stage started <<<<<<]
[2024-08-22 17:42:15,055: INFO: common: yaml file: config\config.yaml loaded successfully]
[2024-08-22 17:42:15,056: INFO: common: yaml file: params.yaml loaded successfully]
[2024-08-22 17:42:15,057: INFO: common: yaml file: schema.yaml loaded successfully]
[2024-08-22 17:42:15,058: INFO: common: created directory at: artifacts]
[2024-08-22 17:42:15,058: INFO: common: created directory at: artifacts/model_trainer]
[2024-08-22 17:42:15,084: INFO: main: >>>>>> stage Model Trainer stage completed <<<<<<

x==========x]
[2024-08-22 17:42:15,085: INFO: main: >>>>>> stage Model evaluation stage started <<<<<<]
[2024-08-22 17:42:15,086: INFO: common: yaml file: config\config.yaml loaded successfully]
[2024-08-22 17:42:15,087: INFO: common: yaml file: params.yaml loaded successfully]
[2024-08-22 17:42:15,089: INFO: common: yaml file: schema.yaml loaded successfully]
[2024-08-22 17:42:15,089: INFO: common: created directory at: artifacts]
[2024-08-22 17:42:15,089: INFO: common: created directory at: artifacts/model_evaluation]
[2024-08-22 17:42:15,707: INFO: common: json file saved at: artifacts\model_evaluation\metrics.json]
[2024-08-22 17:42:28,973: INFO: main: >>>>>> stage Model evaluation stage completed <<<<<<

x==========x]
[2024-08-22 17:43:31,950: INFO: helpers: Accessing as randomvariable]
[2024-08-22 17:43:33,009: INFO: helpers: Initialized MLflow to track repo "randomvariable/Quality-Prediction-MLOPs-Project"]
[2024-08-22 17:43:33,010: INFO: helpers: Repository randomvariable/Quality-Prediction-MLOPs-Project initialized!]
[2024-08-22 17:43:37,641: INFO: main: >>>>>> stage Data Ingestion stage started <<<<<<]
[2024-08-22 17:43:37,643: INFO: common: yaml file: config\config.yaml loaded successfully]
[2024-08-22 17:43:37,644: INFO: common: yaml file: params.yaml loaded successfully]
[2024-08-22 17:43:37,645: INFO: common: yaml file: schema.yaml loaded successfully]
[2024-08-22 17:43:37,645: INFO: common: created directory at: artifacts]
[2024-08-22 17:43:37,646: INFO: common: created directory at: artifacts/data_ingestion]
[2024-08-22 17:43:37,646: INFO: data_ingestion: File already exists of size: ~ 23 KB]
[2024-08-22 17:43:37,648: INFO: main: >>>>>> stage Data Ingestion stage completed <<<<<<

x==========x]
[2024-08-22 17:43:37,648: INFO: main: >>>>>> stage Data Validation stage started <<<<<<]
[2024-08-22 17:43:37,650: INFO: common: yaml file: config\config.yaml loaded successfully]
[2024-08-22 17:43:37,651: INFO: common: yaml file: params.yaml loaded successfully]
[2024-08-22 17:43:37,652: INFO: common: yaml file: schema.yaml loaded successfully]
[2024-08-22 17:43:37,653: INFO: common: created directory at: artifacts]
[2024-08-22 17:43:37,653: INFO: common: created directory at: artifacts/data_validation]
[2024-08-22 17:43:37,667: INFO: main: >>>>>> stage Data Validation stage completed <<<<<<

x==========x]
[2024-08-22 17:43:37,667: INFO: main: >>>>>> stage Data Transformation stage started <<<<<<]
[2024-08-22 17:43:37,670: INFO: common: yaml file: config\config.yaml loaded successfully]
[2024-08-22 17:43:37,671: INFO: common: yaml file: params.yaml loaded successfully]
[2024-08-22 17:43:37,672: INFO: common: yaml file: schema.yaml loaded successfully]
[2024-08-22 17:43:37,672: INFO: common: created directory at: artifacts]
[2024-08-22 17:43:37,673: INFO: common: created directory at: artifacts/data_transformation]
[2024-08-22 17:43:37,689: INFO: data_transformation: Splited data into training and test sets]
[2024-08-22 17:43:37,689: INFO: data_transformation: (1199, 12)]
[2024-08-22 17:43:37,690: INFO: data_transformation: (400, 12)]
[2024-08-22 17:43:37,690: INFO: main: >>>>>> stage Data Transformation stage completed <<<<<<

x==========x]
[2024-08-22 17:43:37,690: INFO: main: >>>>>> stage Model Trainer stage started <<<<<<]
[2024-08-22 17:43:37,692: INFO: common: yaml file: config\config.yaml loaded successfully]
[2024-08-22 17:43:37,693: INFO: common: yaml file: params.yaml loaded successfully]
[2024-08-22 17:43:37,695: INFO: common: yaml file: schema.yaml loaded successfully]
[2024-08-22 17:43:37,695: INFO: common: created directory at: artifacts]
[2024-08-22 17:43:37,696: INFO: common: created directory at: artifacts/model_trainer]
[2024-08-22 17:43:37,718: INFO: main: >>>>>> stage Model Trainer stage completed <<<<<<

x==========x]
[2024-08-22 17:43:37,719: INFO: main: >>>>>> stage Model evaluation stage started <<<<<<]
[2024-08-22 17:43:37,721: INFO: common: yaml file: config\config.yaml loaded successfully]
[2024-08-22 17:43:37,721: INFO: common: yaml file: params.yaml loaded successfully]
[2024-08-22 17:43:37,722: INFO: common: yaml file: schema.yaml loaded successfully]
[2024-08-22 17:43:37,722: INFO: common: created directory at: artifacts]
[2024-08-22 17:43:37,722: INFO: common: created directory at: artifacts/model_evaluation]
[2024-08-22 17:43:38,273: INFO: common: json file saved at: artifacts\model_evaluation\metrics.json]
[2024-08-22 17:43:51,094: INFO: main: >>>>>> stage Model evaluation stage completed <<<<<<

x==========x]
[2024-08-22 19:06:42,668: INFO: helpers: Accessing as randomvariable]
[2024-08-22 19:06:43,642: INFO: helpers: Initialized MLflow to track repo "randomvariable/Quality-Prediction-MLOPs-Project"]
[2024-08-22 19:06:43,643: INFO: helpers: Repository randomvariable/Quality-Prediction-MLOPs-Project initialized!]
[2024-08-22 19:06:48,942: INFO: main: >>>>>> stage Data Ingestion stage started <<<<<<]
[2024-08-22 19:06:48,944: INFO: common: yaml file: config\config.yaml loaded successfully]
[2024-08-22 19:06:48,946: INFO: common: yaml file: params.yaml loaded successfully]
[2024-08-22 19:06:48,948: INFO: common: yaml file: schema.yaml loaded successfully]
[2024-08-22 19:06:48,948: INFO: common: created directory at: artifacts]
[2024-08-22 19:06:48,948: INFO: common: created directory at: artifacts/data_ingestion]
[2024-08-22 19:06:48,949: INFO: data_ingestion: File already exists of size: ~ 23 KB]
[2024-08-22 19:06:48,960: INFO: main: >>>>>> stage Data Ingestion stage completed <<<<<<

x==========x]
[2024-08-22 19:06:48,961: INFO: main: >>>>>> stage Data Validation stage started <<<<<<]
[2024-08-22 19:06:48,963: INFO: common: yaml file: config\config.yaml loaded successfully]
[2024-08-22 19:06:48,964: INFO: common: yaml file: params.yaml loaded successfully]
[2024-08-22 19:06:48,965: INFO: common: yaml file: schema.yaml loaded successfully]
[2024-08-22 19:06:48,966: INFO: common: created directory at: artifacts]
[2024-08-22 19:06:48,966: INFO: common: created directory at: artifacts/data_validation]
[2024-08-22 19:06:48,988: INFO: main: >>>>>> stage Data Validation stage completed <<<<<<

x==========x]
[2024-08-22 19:06:48,989: INFO: main: >>>>>> stage Data Transformation stage started <<<<<<]
[2024-08-22 19:06:48,995: INFO: common: yaml file: config\config.yaml loaded successfully]
[2024-08-22 19:06:48,996: INFO: common: yaml file: params.yaml loaded successfully]
[2024-08-22 19:06:48,998: INFO: common: yaml file: schema.yaml loaded successfully]
[2024-08-22 19:06:48,998: INFO: common: created directory at: artifacts]
[2024-08-22 19:06:48,998: INFO: common: created directory at: artifacts/data_transformation]
[2024-08-22 19:06:49,024: INFO: data_transformation: Splited data into training and test sets]
[2024-08-22 19:06:49,025: INFO: data_transformation: (1199, 12)]
[2024-08-22 19:06:49,025: INFO: data_transformation: (400, 12)]
[2024-08-22 19:06:49,026: INFO: main: >>>>>> stage Data Transformation stage completed <<<<<<

x==========x]
[2024-08-22 19:06:49,026: INFO: main: >>>>>> stage Model Trainer stage started <<<<<<]
[2024-08-22 19:06:49,027: INFO: common: yaml file: config\config.yaml loaded successfully]
[2024-08-22 19:06:49,029: INFO: common: yaml file: params.yaml loaded successfully]
[2024-08-22 19:06:49,030: INFO: common: yaml file: schema.yaml loaded successfully]
[2024-08-22 19:06:49,031: INFO: common: created directory at: artifacts]
[2024-08-22 19:06:49,031: INFO: common: created directory at: artifacts/model_trainer]
[2024-08-22 19:06:49,060: INFO: main: >>>>>> stage Model Trainer stage completed <<<<<<

x==========x]
[2024-08-22 19:06:49,060: INFO: main: >>>>>> stage Model evaluation stage started <<<<<<]
[2024-08-22 19:06:49,062: INFO: common: yaml file: config\config.yaml loaded successfully]
[2024-08-22 19:06:49,063: INFO: common: yaml file: params.yaml loaded successfully]
[2024-08-22 19:06:49,065: INFO: common: yaml file: schema.yaml loaded successfully]
[2024-08-22 19:06:49,065: INFO: common: created directory at: artifacts]
[2024-08-22 19:06:49,066: INFO: common: created directory at: artifacts/model_evaluation]
[2024-08-22 19:06:49,621: INFO: common: json file saved at: artifacts\model_evaluation\metrics.json]
[2024-08-22 19:07:02,277: INFO: main: >>>>>> stage Model evaluation stage completed <<<<<<

x==========x]
[2024-08-22 19:19:25,513: INFO: helpers: Accessing as randomvariable]
[2024-08-22 19:19:26,511: INFO: helpers: Initialized MLflow to track repo "randomvariable/Quality-Prediction-MLOPs-Project"]
[2024-08-22 19:19:26,512: INFO: helpers: Repository randomvariable/Quality-Prediction-MLOPs-Project initialized!]
[2024-08-22 19:19:31,808: INFO: main: >>>>>> stage Data Ingestion stage started <<<<<<]
[2024-08-22 19:19:31,810: INFO: common: yaml file: config\config.yaml loaded successfully]
[2024-08-22 19:19:31,812: INFO: common: yaml file: params.yaml loaded successfully]
[2024-08-22 19:19:31,813: INFO: common: yaml file: schema.yaml loaded successfully]
[2024-08-22 19:19:31,813: INFO: common: created directory at: artifacts]
[2024-08-22 19:19:31,813: INFO: common: created directory at: artifacts/data_ingestion]
[2024-08-22 19:19:31,814: INFO: data_ingestion: File already exists of size: ~ 23 KB]
[2024-08-22 19:19:31,824: INFO: main: >>>>>> stage Data Ingestion stage completed <<<<<<

x==========x]
[2024-08-22 19:19:31,824: INFO: main: >>>>>> stage Data Validation stage started <<<<<<]
[2024-08-22 19:19:31,826: INFO: common: yaml file: config\config.yaml loaded successfully]
[2024-08-22 19:19:31,827: INFO: common: yaml file: params.yaml loaded successfully]
[2024-08-22 19:19:31,828: INFO: common: yaml file: schema.yaml loaded successfully]
[2024-08-22 19:19:31,829: INFO: common: created directory at: artifacts]
[2024-08-22 19:19:31,829: INFO: common: created directory at: artifacts/data_validation]
[2024-08-22 19:19:31,847: INFO: main: >>>>>> stage Data Validation stage completed <<<<<<

x==========x]
[2024-08-22 19:19:31,848: INFO: main: >>>>>> stage Data Transformation stage started <<<<<<]
[2024-08-22 19:19:31,855: INFO: common: yaml file: config\config.yaml loaded successfully]
[2024-08-22 19:19:31,856: INFO: common: yaml file: params.yaml loaded successfully]
[2024-08-22 19:19:31,857: INFO: common: yaml file: schema.yaml loaded successfully]
[2024-08-22 19:19:31,858: INFO: common: created directory at: artifacts]
[2024-08-22 19:19:31,858: INFO: common: created directory at: artifacts/data_transformation]
[2024-08-22 19:19:31,879: INFO: data_transformation: Splited data into training and test sets]
[2024-08-22 19:19:31,880: INFO: data_transformation: (1199, 12)]
[2024-08-22 19:19:31,880: INFO: data_transformation: (400, 12)]
[2024-08-22 19:19:31,880: INFO: main: >>>>>> stage Data Transformation stage completed <<<<<<

x==========x]
[2024-08-22 19:19:31,880: INFO: main: >>>>>> stage Model Trainer stage started <<<<<<]
[2024-08-22 19:19:31,882: INFO: common: yaml file: config\config.yaml loaded successfully]
[2024-08-22 19:19:31,882: INFO: common: yaml file: params.yaml loaded successfully]
[2024-08-22 19:19:31,884: INFO: common: yaml file: schema.yaml loaded successfully]
[2024-08-22 19:19:31,884: INFO: common: created directory at: artifacts]
[2024-08-22 19:19:31,884: INFO: common: created directory at: artifacts/model_trainer]
[2024-08-22 19:19:32,390: INFO: main: >>>>>> stage Model Trainer stage completed <<<<<<

x==========x]
[2024-08-22 19:19:32,390: INFO: main: >>>>>> stage Model evaluation stage started <<<<<<]
[2024-08-22 19:19:32,393: INFO: common: yaml file: config\config.yaml loaded successfully]
[2024-08-22 19:19:32,393: INFO: common: yaml file: params.yaml loaded successfully]
[2024-08-22 19:19:32,396: INFO: common: yaml file: schema.yaml loaded successfully]
[2024-08-22 19:19:32,396: INFO: common: created directory at: artifacts]
[2024-08-22 19:19:32,396: INFO: common: created directory at: artifacts/model_evaluation]
[2024-08-22 19:19:32,939: INFO: common: json file saved at: artifacts\model_evaluation\metrics.json]
[2024-08-22 19:19:45,636: INFO: main: >>>>>> stage Model evaluation stage completed <<<<<<

x==========x]
